#
# There is insufficient memory for the Java Runtime Environment to continue.
# Native memory allocation (mmap) failed to map 239075328 bytes for committing reserved memory.
# Possible reasons:
#   The system is out of physical RAM or swap space
#   In 32 bit mode, the process size limit was hit
# Possible solutions:
#   Reduce memory load on the system
#   Increase physical memory or swap space
#   Check if swap backing store is full
#   Use 64 bit Java on a 64 bit OS
#   Decrease Java heap size (-Xmx/-Xms)
#   Decrease number of Java threads
#   Decrease Java thread stack sizes (-Xss)
#   Set larger code cache with -XX:ReservedCodeCacheSize=
# This output file may be truncated or incomplete.
#
#  Out of Memory Error (os_linux.cpp:2630), pid=1994, tid=0x00007f13a0665700
#
# JRE version: OpenJDK Runtime Environment (8.0_121-b13) (build 1.8.0_121-8u121-b13-0ubuntu1.16.04.2-b13)
# Java VM: OpenJDK 64-Bit Server VM (25.121-b13 mixed mode linux-amd64 compressed oops)
# Failed to write core dump. Core dumps have been disabled. To enable core dumping, try "ulimit -c unlimited" before starting Java again
#

---------------  T H R E A D  ---------------

Current thread (0x00007f13b4080000):  VMThread [stack: 0x00007f13a0565000,0x00007f13a0666000] [id=2009]

Stack: [0x00007f13a0565000,0x00007f13a0666000],  sp=0x00007f13a06644c0,  free space=1021k
Native frames: (J=compiled Java code, j=interpreted, Vv=VM code, C=native code)
V  [libjvm.so+0xa6647b]
V  [libjvm.so+0x4c32dc]
V  [libjvm.so+0x8b4b60]
V  [libjvm.so+0x8aefde]
V  [libjvm.so+0x929a16]
V  [libjvm.so+0x92ad43]
V  [libjvm.so+0x9273f3]
V  [libjvm.so+0x9276bc]
V  [libjvm.so+0x8d9553]
V  [libjvm.so+0xa68132]
V  [libjvm.so+0xa6d217]
V  [libjvm.so+0xa6a9e7]
V  [libjvm.so+0xa6be6f]
V  [libjvm.so+0xa6c361]
V  [libjvm.so+0x8b2042]

VM_Operation (0x00007f13baf1e720): ParallelGCFailedAllocation, mode: safepoint, requested by thread 0x00007f13b400a800


---------------  P R O C E S S  ---------------

Java Threads: ( => current thread )
  0x00007f13b430d800 JavaThread "Thread-1" [_thread_in_native, id=2023, stack(0x00007f137d932000,0x00007f137da33000)]
  0x00007f13b40cd000 JavaThread "Service Thread" daemon [_thread_blocked, id=2018, stack(0x00007f137db34000,0x00007f137dc35000)]
  0x00007f13b40c0000 JavaThread "C1 CompilerThread3" daemon [_thread_blocked, id=2017, stack(0x00007f137dc35000,0x00007f137dd36000)]
  0x00007f13b40bb800 JavaThread "C2 CompilerThread2" daemon [_thread_blocked, id=2016, stack(0x00007f137dd36000,0x00007f137de37000)]
  0x00007f13b40b9800 JavaThread "C2 CompilerThread1" daemon [_thread_blocked, id=2015, stack(0x00007f13a0060000,0x00007f13a0161000)]
  0x00007f13b40b6800 JavaThread "C2 CompilerThread0" daemon [_thread_blocked, id=2014, stack(0x00007f13a0161000,0x00007f13a0262000)]
  0x00007f13b40b4800 JavaThread "Signal Dispatcher" daemon [_thread_blocked, id=2013, stack(0x00007f13a0262000,0x00007f13a0363000)]
  0x00007f13b408c800 JavaThread "Finalizer" daemon [_thread_blocked, id=2011, stack(0x00007f13a0363000,0x00007f13a0464000)]
  0x00007f13b4088000 JavaThread "Reference Handler" daemon [_thread_blocked, id=2010, stack(0x00007f13a0464000,0x00007f13a0565000)]
  0x00007f13b400a800 JavaThread "main" [_thread_blocked, id=2000, stack(0x00007f13bae1f000,0x00007f13baf20000)]

Other Threads:
=>0x00007f13b4080000 VMThread [stack: 0x00007f13a0565000,0x00007f13a0666000] [id=2009]
  0x00007f13b40cf800 WatcherThread [stack: 0x00007f137da33000,0x00007f137db34000] [id=2019]

VM state:at safepoint (normal execution)

VM Mutex/Monitor currently owned by a thread:  ([mutex/lock_event])
[0x00007f13b4006dc0] Threads_lock - owner thread: 0x00007f13b4080000
[0x00007f13b40072c0] Heap_lock - owner thread: 0x00007f13b400a800

Heap:
 PSYoungGen      total 391680K, used 192K [0x0000000781800000, 0x0000000799900000, 0x00000007c0000000)
  eden space 389120K, 0% used [0x0000000781800000,0x0000000781800000,0x0000000799400000)
  from space 2560K, 7% used [0x0000000799400000,0x0000000799430000,0x0000000799680000)
  to   space 2560K, 0% used [0x0000000799680000,0x0000000799680000,0x0000000799900000)
 ParOldGen       total 128512K, used 1436K [0x0000000704800000, 0x000000070c580000, 0x0000000781800000)
  object space 128512K, 1% used [0x0000000704800000,0x00000007049670d0,0x000000070c580000)
 Metaspace       used 8868K, capacity 9006K, committed 9088K, reserved 1056768K
  class space    used 1040K, capacity 1077K, committed 1152K, reserved 1048576K

Card table byte_map: [0x00007f13a3e23000,0x00007f13a4400000] byte_map_base: 0x00007f13a05ff000

Marking Bits: (ParMarkBitMap*) 0x00007f13ba0f8220
 Begin Bits: [0x00007f137e240000, 0x00007f1381120000)
 End Bits:   [0x00007f1381120000, 0x00007f1384000000)

Polling page: 0x00007f13baf4a000

CodeCache: size=245760Kb used=2459Kb max_used=2476Kb free=243300Kb
 bounds [0x00007f13a47c0000, 0x00007f13a4a30000, 0x00007f13b37c0000]
 total_blobs=803 nmethods=505 adapters=213
 compilation: enabled

Compilation events (10 events):
Event: 2,828 Thread 0x00007f13b40c0000  501       3       org.apache.log4j.helpers.PatternParser$BasicPatternConverter::convert (77 bytes)
Event: 2,828 Thread 0x00007f13b40c0000 nmethod 501 0x00007f13a49ede90 code [0x00007f13a49ee080, 0x00007f13a49ee808]
Event: 2,828 Thread 0x00007f13b40c0000  502       3       java.nio.ByteBuffer::arrayOffset (35 bytes)
Event: 2,829 Thread 0x00007f13b40c0000 nmethod 502 0x00007f13a4a14850 code [0x00007f13a4a149e0, 0x00007f13a4a14cf8]
Event: 2,829 Thread 0x00007f13b40b9800  503       4       java.lang.Math::min (11 bytes)
Event: 2,829 Thread 0x00007f13b40b9800 nmethod 503 0x00007f13a48c1810 code [0x00007f13a48c1940, 0x00007f13a48c1978]
Event: 2,829 Thread 0x00007f13b40c0000  504 %     3       com.atomicDisorder.remolino.Remolino::<init> @ 622 (670 bytes)
Event: 2,843 Thread 0x00007f13b40c0000 nmethod 504% 0x00007f13a4a16590 code [0x00007f13a4a173c0, 0x00007f13a4a21f28]
Event: 2,844 Thread 0x00007f13b40b9800  505 %     4       com.atomicDisorder.remolino.Remolino::<init> @ 622 (670 bytes)
Event: 3,024 Thread 0x00007f13b40b9800 nmethod 505% 0x00007f13a4a2a5d0 code [0x00007f13a4a2a980, 0x00007f13a4a2bff0]

GC Heap History (10 events):
Event: 1,598 GC heap after
Heap after GC invocations=4 (full 0):
 PSYoungGen      total 104960K, used 1520K [0x0000000781800000, 0x0000000788600000, 0x00000007c0000000)
  eden space 97280K, 0% used [0x0000000781800000,0x0000000781800000,0x0000000787700000)
  from space 7680K, 19% used [0x0000000787e80000,0x0000000787ffc030,0x0000000788600000)
  to   space 7680K, 0% used [0x0000000787700000,0x0000000787700000,0x0000000787e80000)
 ParOldGen       total 128512K, used 96K [0x0000000704800000, 0x000000070c580000, 0x0000000781800000)
  object space 128512K, 0% used [0x0000000704800000,0x0000000704818010,0x000000070c580000)
 Metaspace       used 8860K, capacity 9006K, committed 9088K, reserved 1056768K
  class space    used 1040K, capacity 1077K, committed 1152K, reserved 1048576K
}
Event: 2,127 GC heap before
{Heap before GC invocations=5 (full 0):
 PSYoungGen      total 104960K, used 98800K [0x0000000781800000, 0x0000000788600000, 0x00000007c0000000)
  eden space 97280K, 100% used [0x0000000781800000,0x0000000787700000,0x0000000787700000)
  from space 7680K, 19% used [0x0000000787e80000,0x0000000787ffc030,0x0000000788600000)
  to   space 7680K, 0% used [0x0000000787700000,0x0000000787700000,0x0000000787e80000)
 ParOldGen       total 128512K, used 96K [0x0000000704800000, 0x000000070c580000, 0x0000000781800000)
  object space 128512K, 0% used [0x0000000704800000,0x0000000704818010,0x000000070c580000)
 Metaspace       used 8860K, capacity 9006K, committed 9088K, reserved 1056768K
  class space    used 1040K, capacity 1077K, committed 1152K, reserved 1048576K
Event: 2,162 GC heap after
Heap after GC invocations=5 (full 0):
 PSYoungGen      total 104960K, used 1504K [0x0000000781800000, 0x000000078da00000, 0x00000007c0000000)
  eden space 97280K, 0% used [0x0000000781800000,0x0000000781800000,0x0000000787700000)
  from space 7680K, 19% used [0x0000000787700000,0x0000000787878000,0x0000000787e80000)
  to   space 2048K, 0% used [0x000000078d800000,0x000000078d800000,0x000000078da00000)
 ParOldGen       total 128512K, used 104K [0x0000000704800000, 0x000000070c580000, 0x0000000781800000)
  object space 128512K, 0% used [0x0000000704800000,0x000000070481a010,0x000000070c580000)
 Metaspace       used 8860K, capacity 9006K, committed 9088K, reserved 1056768K
  class space    used 1040K, capacity 1077K, committed 1152K, reserved 1048576K
}
Event: 2,367 GC heap before
{Heap before GC invocations=6 (full 0):
 PSYoungGen      total 104960K, used 98784K [0x0000000781800000, 0x000000078da00000, 0x00000007c0000000)
  eden space 97280K, 100% used [0x0000000781800000,0x0000000787700000,0x0000000787700000)
  from space 7680K, 19% used [0x0000000787700000,0x0000000787878000,0x0000000787e80000)
  to   space 2048K, 0% used [0x000000078d800000,0x000000078d800000,0x000000078da00000)
 ParOldGen       total 128512K, used 104K [0x0000000704800000, 0x000000070c580000, 0x0000000781800000)
  object space 128512K, 0% used [0x0000000704800000,0x000000070481a010,0x000000070c580000)
 Metaspace       used 8860K, capacity 9006K, committed 9088K, reserved 1056768K
  class space    used 1040K, capacity 1077K, committed 1152K, reserved 1048576K
Event: 2,418 GC heap after
Heap after GC invocations=6 (full 0):
 PSYoungGen      total 196608K, used 1472K [0x0000000781800000, 0x000000078da00000, 0x00000007c0000000)
  eden space 194560K, 0% used [0x0000000781800000,0x0000000781800000,0x000000078d600000)
  from space 2048K, 71% used [0x000000078d800000,0x000000078d970020,0x000000078da00000)
  to   space 2048K, 0% used [0x000000078d600000,0x000000078d600000,0x000000078d800000)
 ParOldGen       total 128512K, used 104K [0x0000000704800000, 0x000000070c580000, 0x0000000781800000)
  object space 128512K, 0% used [0x0000000704800000,0x000000070481a010,0x000000070c580000)
 Metaspace       used 8860K, capacity 9006K, committed 9088K, reserved 1056768K
  class space    used 1040K, capacity 1077K, committed 1152K, reserved 1048576K
}
Event: 4,209 GC heap before
{Heap before GC invocations=7 (full 0):
 PSYoungGen      total 196608K, used 196032K [0x0000000781800000, 0x000000078da00000, 0x00000007c0000000)
  eden space 194560K, 100% used [0x0000000781800000,0x000000078d600000,0x000000078d600000)
  from space 2048K, 71% used [0x000000078d800000,0x000000078d970020,0x000000078da00000)
  to   space 2048K, 0% used [0x000000078d600000,0x000000078d600000,0x000000078d800000)
 ParOldGen       total 128512K, used 104K [0x0000000704800000, 0x000000070c580000, 0x0000000781800000)
  object space 128512K, 0% used [0x0000000704800000,0x000000070481a010,0x000000070c580000)
 Metaspace       used 8868K, capacity 9006K, committed 9088K, reserved 1056768K
  class space    used 1040K, capacity 1077K, committed 1152K, reserved 1048576K
Event: 4,219 GC heap after
Heap after GC invocations=7 (full 0):
 PSYoungGen      total 196608K, used 192K [0x0000000781800000, 0x0000000799900000, 0x00000007c0000000)
  eden space 194560K, 0% used [0x0000000781800000,0x0000000781800000,0x000000078d600000)
  from space 2048K, 9% used [0x000000078d600000,0x000000078d630000,0x000000078d800000)
  to   space 2560K, 0% used [0x0000000799680000,0x0000000799680000,0x0000000799900000)
 ParOldGen       total 128512K, used 1436K [0x0000000704800000, 0x000000070c580000, 0x0000000781800000)
  object space 128512K, 1% used [0x0000000704800000,0x00000007049670d0,0x000000070c580000)
 Metaspace       used 8868K, capacity 9006K, committed 9088K, reserved 1056768K
  class space    used 1040K, capacity 1077K, committed 1152K, reserved 1048576K
}
Event: 4,804 GC heap before
{Heap before GC invocations=8 (full 0):
 PSYoungGen      total 196608K, used 194752K [0x0000000781800000, 0x0000000799900000, 0x00000007c0000000)
  eden space 194560K, 100% used [0x0000000781800000,0x000000078d600000,0x000000078d600000)
  from space 2048K, 9% used [0x000000078d600000,0x000000078d630000,0x000000078d800000)
  to   space 2560K, 0% used [0x0000000799680000,0x0000000799680000,0x0000000799900000)
 ParOldGen       total 128512K, used 1436K [0x0000000704800000, 0x000000070c580000, 0x0000000781800000)
  object space 128512K, 1% used [0x0000000704800000,0x00000007049670d0,0x000000070c580000)
 Metaspace       used 8868K, capacity 9006K, committed 9088K, reserved 1056768K
  class space    used 1040K, capacity 1077K, committed 1152K, reserved 1048576K
Event: 4,810 GC heap after
Heap after GC invocations=8 (full 0):
 PSYoungGen      total 391680K, used 128K [0x0000000781800000, 0x0000000799900000, 0x00000007c0000000)
  eden space 389120K, 0% used [0x0000000781800000,0x0000000781800000,0x0000000799400000)
  from space 2560K, 5% used [0x0000000799680000,0x00000007996a0000,0x0000000799900000)
  to   space 2560K, 0% used [0x0000000799400000,0x0000000799400000,0x0000000799680000)
 ParOldGen       total 128512K, used 1436K [0x0000000704800000, 0x000000070c580000, 0x0000000781800000)
  object space 128512K, 1% used [0x0000000704800000,0x00000007049670d0,0x000000070c580000)
 Metaspace       used 8868K, capacity 9006K, committed 9088K, reserved 1056768K
  class space    used 1040K, capacity 1077K, committed 1152K, reserved 1048576K
}
Event: 7,396 GC heap before
{Heap before GC invocations=9 (full 0):
 PSYoungGen      total 391680K, used 389248K [0x0000000781800000, 0x0000000799900000, 0x00000007c0000000)
  eden space 389120K, 100% used [0x0000000781800000,0x0000000799400000,0x0000000799400000)
  from space 2560K, 5% used [0x0000000799680000,0x00000007996a0000,0x0000000799900000)
  to   space 2560K, 0% used [0x0000000799400000,0x0000000799400000,0x0000000799680000)
 ParOldGen       total 128512K, used 1436K [0x0000000704800000, 0x000000070c580000, 0x0000000781800000)
  object space 128512K, 1% used [0x0000000704800000,0x00000007049670d0,0x000000070c580000)
 Metaspace       used 8868K, capacity 9006K, committed 9088K, reserved 1056768K
  class space    used 1040K, capacity 1077K, committed 1152K, reserved 1048576K

Deoptimization events (3 events):
Event: 0,455 Thread 0x00007f13b400a800 Uncommon trap: reason=unstable_if action=reinterpret pc=0x00007f13a4907b28 method=java.lang.String.indexOf([CII[CIII)I @ 3
Event: 0,757 Thread 0x00007f13b400a800 Uncommon trap: reason=unstable_if action=reinterpret pc=0x00007f13a496eec4 method=java.lang.String.replace(CC)Ljava/lang/String; @ 26
Event: 2,825 Thread 0x00007f13b400a800 Uncommon trap: reason=unstable_if action=reinterpret pc=0x00007f13a49f0244 method=java.util.AbstractCollection.isEmpty()Z @ 4

Internal exceptions (10 events):
Event: 0,668 Thread 0x00007f13b400a800 Exception <a 'java/lang/ClassNotFoundException': org/apache/log4j/spi/FilterBeanInfo> (0x0000000781fbfc28) thrown at [/build/openjdk-8-YiEakL/openjdk-8-8u121-b13/src/hotspot/src/share/vm/classfile/systemDictionary.cpp, line 210]
Event: 0,669 Thread 0x00007f13b400a800 Exception <a 'java/lang/ClassNotFoundException': org/apache/log4j/spi/FilterCustomizer> (0x0000000781fde280) thrown at [/build/openjdk-8-YiEakL/openjdk-8-8u121-b13/src/hotspot/src/share/vm/classfile/systemDictionary.cpp, line 210]
Event: 0,697 Thread 0x00007f13b400a800 Exception <a 'java/lang/ClassNotFoundException': org/apache/log4j/varia/LevelRangeFilterCustomizer> (0x0000000782003728) thrown at [/build/openjdk-8-YiEakL/openjdk-8-8u121-b13/src/hotspot/src/share/vm/classfile/systemDictionary.cpp, line 210]
Event: 0,709 Thread 0x00007f13b400a800 Exception <a 'java/lang/ClassNotFoundException': org/apache/log4j/rolling/TimeBasedRollingPolicyBeanInfo> (0x00000007820b75e0) thrown at [/build/openjdk-8-YiEakL/openjdk-8-8u121-b13/src/hotspot/src/share/vm/classfile/systemDictionary.cpp, line 210]
Event: 0,709 Thread 0x00007f13b400a800 Exception <a 'java/lang/ClassNotFoundException': org/apache/log4j/rolling/RollingPolicyBaseBeanInfo> (0x00000007820d8d40) thrown at [/build/openjdk-8-YiEakL/openjdk-8-8u121-b13/src/hotspot/src/share/vm/classfile/systemDictionary.cpp, line 210]
Event: 0,710 Thread 0x00007f13b400a800 Exception <a 'java/lang/ClassNotFoundException': org/apache/log4j/rolling/RollingPolicyBaseCustomizer> (0x00000007820fab58) thrown at [/build/openjdk-8-YiEakL/openjdk-8-8u121-b13/src/hotspot/src/share/vm/classfile/systemDictionary.cpp, line 210]
Event: 0,711 Thread 0x00007f13b400a800 Exception <a 'java/lang/ClassNotFoundException': org/apache/log4j/rolling/TimeBasedRollingPolicyCustomizer> (0x0000000782124908) thrown at [/build/openjdk-8-YiEakL/openjdk-8-8u121-b13/src/hotspot/src/share/vm/classfile/systemDictionary.cpp, line 210]
Event: 0,773 Thread 0x00007f13b400a800 Exception <a 'java/lang/ClassNotFoundException': com/sun/org/glassfish/hk2/osgiresourcelocator/ServiceLoader> (0x0000000782264e38) thrown at [/build/openjdk-8-YiEakL/openjdk-8-8u121-b13/src/hotspot/src/share/vm/classfile/systemDictionary.cpp, line 210]
Event: 0,774 Thread 0x00007f13b400a800 Exception <a 'java/lang/ArrayIndexOutOfBoundsException'> (0x00000007822771d0) thrown at [/build/openjdk-8-YiEakL/openjdk-8-8u121-b13/src/hotspot/src/share/vm/runtime/sharedRuntime.cpp, line 605]
Event: 0,774 Thread 0x00007f13b400a800 Exception <a 'java/lang/ArrayIndexOutOfBoundsException'> (0x00000007822786a0) thrown at [/build/openjdk-8-YiEakL/openjdk-8-8u121-b13/src/hotspot/src/share/vm/runtime/sharedRuntime.cpp, line 605]

Events (10 events):
Event: 2,825 Thread 0x00007f13b400a800 DEOPT UNPACKING pc=0x00007f13a47c4f69 sp=0x00007f13baf1e7f8 mode 2
Event: 3,044 Thread 0x00007f13b400a800 DEOPT PACKING pc=0x00007f13a4a2187a sp=0x00007f13baf1e710
Event: 3,044 Thread 0x00007f13b400a800 DEOPT UNPACKING pc=0x00007f13a4807373 sp=0x00007f13baf1e630 mode 0
Event: 4,194 Executing VM operation: EnableBiasedLocking
Event: 4,201 Executing VM operation: EnableBiasedLocking done
Event: 4,209 Executing VM operation: ParallelGCFailedAllocation
Event: 4,219 Executing VM operation: ParallelGCFailedAllocation done
Event: 4,804 Executing VM operation: ParallelGCFailedAllocation
Event: 4,810 Executing VM operation: ParallelGCFailedAllocation done
Event: 7,396 Executing VM operation: ParallelGCFailedAllocation


Dynamic libraries:
00400000-00401000 r-xp 00000000 08:02 1580291                            /usr/lib/jvm/java-8-openjdk-amd64/jre/bin/java
00600000-00601000 r--p 00000000 08:02 1580291                            /usr/lib/jvm/java-8-openjdk-amd64/jre/bin/java
00601000-00602000 rw-p 00001000 08:02 1580291                            /usr/lib/jvm/java-8-openjdk-amd64/jre/bin/java
0071f000-00740000 rw-p 00000000 00:00 0                                  [heap]
704800000-70c580000 rw-p 00000000 00:00 0 
70c580000-781800000 ---p 00000000 00:00 0 
781800000-799900000 rw-p 00000000 00:00 0 
7a7d00000-7c0000000 ---p 00000000 00:00 0 
7c0000000-7c0120000 rw-p 00000000 00:00 0 
7c0120000-800000000 ---p 00000000 00:00 0 
7f1348000000-7f1348021000 rw-p 00000000 00:00 0 
7f1348021000-7f134c000000 ---p 00000000 00:00 0 
7f1350000000-7f1350021000 rw-p 00000000 00:00 0 
7f1350021000-7f1354000000 ---p 00000000 00:00 0 
7f1354000000-7f1354021000 rw-p 00000000 00:00 0 
7f1354021000-7f1358000000 ---p 00000000 00:00 0 
7f1358000000-7f135802e000 rw-p 00000000 00:00 0 
7f135802e000-7f135c000000 ---p 00000000 00:00 0 
7f135c000000-7f135c27d000 rw-p 00000000 00:00 0 
7f135c27d000-7f1360000000 ---p 00000000 00:00 0 
7f1360000000-7f136009e000 rw-p 00000000 00:00 0 
7f136009e000-7f1364000000 ---p 00000000 00:00 0 
7f1364000000-7f1364187000 rw-p 00000000 00:00 0 
7f1364187000-7f1368000000 ---p 00000000 00:00 0 
7f1368000000-7f1368021000 rw-p 00000000 00:00 0 
7f1368021000-7f136c000000 ---p 00000000 00:00 0 
7f136c000000-7f136c021000 rw-p 00000000 00:00 0 
7f136c021000-7f1370000000 ---p 00000000 00:00 0 
7f1370000000-7f1370021000 rw-p 00000000 00:00 0 
7f1370021000-7f1374000000 ---p 00000000 00:00 0 
7f1374000000-7f1374021000 rw-p 00000000 00:00 0 
7f1374021000-7f1378000000 ---p 00000000 00:00 0 
7f1378000000-7f1378021000 rw-p 00000000 00:00 0 
7f1378021000-7f137c000000 ---p 00000000 00:00 0 
7f137d932000-7f137d935000 ---p 00000000 00:00 0 
7f137d935000-7f137da33000 rw-p 00000000 00:00 0 
7f137da33000-7f137da34000 ---p 00000000 00:00 0 
7f137da34000-7f137db34000 rw-p 00000000 00:00 0 
7f137db34000-7f137db37000 ---p 00000000 00:00 0 
7f137db37000-7f137dc35000 rw-p 00000000 00:00 0 
7f137dc35000-7f137dc38000 ---p 00000000 00:00 0 
7f137dc38000-7f137dd36000 rw-p 00000000 00:00 0 
7f137dd36000-7f137dd39000 ---p 00000000 00:00 0 
7f137dd39000-7f137de37000 rw-p 00000000 00:00 0 
7f137de37000-7f137e240000 r--p 00000000 08:02 1574752                    /usr/lib/locale/locale-archive
7f137e240000-7f1384000000 rw-p 00000000 00:00 0 
7f1384000000-7f1384021000 rw-p 00000000 00:00 0 
7f1384021000-7f1388000000 ---p 00000000 00:00 0 
7f1388000000-7f1388021000 rw-p 00000000 00:00 0 
7f1388021000-7f138c000000 ---p 00000000 00:00 0 
7f138c000000-7f138c021000 rw-p 00000000 00:00 0 
7f138c021000-7f1390000000 ---p 00000000 00:00 0 
7f1390000000-7f1390021000 rw-p 00000000 00:00 0 
7f1390021000-7f1394000000 ---p 00000000 00:00 0 
7f1394000000-7f1394021000 rw-p 00000000 00:00 0 
7f1394021000-7f1398000000 ---p 00000000 00:00 0 
7f1398000000-7f1398021000 rw-p 00000000 00:00 0 
7f1398021000-7f139c000000 ---p 00000000 00:00 0 
7f139c000000-7f139c021000 rw-p 00000000 00:00 0 
7f139c021000-7f13a0000000 ---p 00000000 00:00 0 
7f13a0007000-7f13a001a000 r--s 00346000 08:02 1580261                    /usr/lib/jvm/java-8-openjdk-amd64/jre/lib/resources.jar
7f13a001a000-7f13a0020000 r--s 0003f000 00:2b 2636771                    /home/amp/.m2/repository/commons-net/commons-net/3.3/commons-net-3.3.jar
7f13a0020000-7f13a0023000 r--s 00013000 00:2b 3282932                    /home/amp/.m2/repository/commons-io/commons-io/1.3.2/commons-io-1.3.2.jar
7f13a0023000-7f13a0025000 r--s 0000e000 00:2b 2623371                    /home/amp/.m2/repository/javax/activation/activation/1.1/activation-1.1.jar
7f13a0025000-7f13a0027000 r--s 00004000 00:2b 2368680                    /home/amp/.m2/repository/javax/xml/stream/stax-api/1.0-2/stax-api-1.0-2.jar
7f13a0027000-7f13a002a000 r--s 00013000 00:2b 2248702                    /home/amp/.m2/repository/javax/xml/bind/jaxb-api/2.1/jaxb-api-2.1.jar
7f13a002a000-7f13a0032000 r--s 00066000 00:2b 3158983                    /home/amp/.m2/repository/log4j/apache-log4j-extras/1.2.17/apache-log4j-extras-1.2.17.jar
7f13a0032000-7f13a003b000 r--s 0006f000 00:2b 3158981                    /home/amp/.m2/repository/log4j/log4j/1.2.17/log4j-1.2.17.jar
7f13a003b000-7f13a003e000 r--s 0001b000 00:2b 2894130                    /home/amp/.m2/repository/junit/junit/3.8.1/junit-3.8.1.jar
7f13a003e000-7f13a0041000 r--s 0000f000 08:02 1580273                    /usr/lib/jvm/java-8-openjdk-amd64/jre/lib/ext/icedtea-sound.jar
7f13a0041000-7f13a0045000 r--s 00037000 08:02 1580276                    /usr/lib/jvm/java-8-openjdk-amd64/jre/lib/ext/sunpkcs11.jar
7f13a0045000-7f13a0060000 r--s 001d6000 08:02 1580271                    /usr/lib/jvm/java-8-openjdk-amd64/jre/lib/ext/nashorn.jar
7f13a0060000-7f13a0063000 ---p 00000000 00:00 0 
7f13a0063000-7f13a0161000 rw-p 00000000 00:00 0 
7f13a0161000-7f13a0164000 ---p 00000000 00:00 0 
7f13a0164000-7f13a0262000 rw-p 00000000 00:00 0 
7f13a0262000-7f13a0265000 ---p 00000000 00:00 0 
7f13a0265000-7f13a0363000 rw-p 00000000 00:00 0 
7f13a0363000-7f13a0366000 ---p 00000000 00:00 0 
7f13a0366000-7f13a0464000 rw-p 00000000 00:00 0 
7f13a0464000-7f13a0467000 ---p 00000000 00:00 0 
7f13a0467000-7f13a0565000 rw-p 00000000 00:00 0 
7f13a0565000-7f13a0566000 ---p 00000000 00:00 0 
7f13a0566000-7f13a2289000 rw-p 00000000 00:00 0 
7f13a2289000-7f13a2457000 r--s 03c06000 08:02 1580285                    /usr/lib/jvm/java-8-openjdk-amd64/jre/lib/rt.jar
7f13a2457000-7f13a2c17000 rw-p 00000000 00:00 0 
7f13a2c17000-7f13a2c57000 ---p 00000000 00:00 0 
7f13a2c57000-7f13a3233000 rw-p 00000000 00:00 0 
7f13a3233000-7f13a3234000 ---p 00000000 00:00 0 
7f13a3234000-7f13a3334000 rw-p 00000000 00:00 0 
7f13a3334000-7f13a3335000 ---p 00000000 00:00 0 
7f13a3335000-7f13a3435000 rw-p 00000000 00:00 0 
7f13a3435000-7f13a3436000 ---p 00000000 00:00 0 
7f13a3436000-7f13a3536000 rw-p 00000000 00:00 0 
7f13a3536000-7f13a3537000 ---p 00000000 00:00 0 
7f13a3537000-7f13a3637000 rw-p 00000000 00:00 0 
7f13a3637000-7f13a3638000 ---p 00000000 00:00 0 
7f13a3638000-7f13a3738000 rw-p 00000000 00:00 0 
7f13a3738000-7f13a3739000 ---p 00000000 00:00 0 
7f13a3739000-7f13a3839000 rw-p 00000000 00:00 0 
7f13a3839000-7f13a383a000 ---p 00000000 00:00 0 
7f13a383a000-7f13a393a000 rw-p 00000000 00:00 0 
7f13a393a000-7f13a393b000 ---p 00000000 00:00 0 
7f13a393b000-7f13a3a7a000 rw-p 00000000 00:00 0 
7f13a3a7a000-7f13a3e23000 ---p 00000000 00:00 0 
7f13a3e23000-7f13a3e62000 rw-p 00000000 00:00 0 
7f13a3e62000-7f13a420b000 ---p 00000000 00:00 0 
7f13a420b000-7f13a42cc000 rw-p 00000000 00:00 0 
7f13a42cc000-7f13a43ff000 ---p 00000000 00:00 0 
7f13a43ff000-7f13a440a000 rw-p 00000000 00:00 0 
7f13a440a000-7f13a47c0000 ---p 00000000 00:00 0 
7f13a47c0000-7f13a4a30000 rwxp 00000000 00:00 0 
7f13a4a30000-7f13b37c0000 ---p 00000000 00:00 0 
7f13b37c0000-7f13b37c8000 r-xp 00000000 08:02 1580235                    /usr/lib/jvm/java-8-openjdk-amd64/jre/lib/amd64/libzip.so
7f13b37c8000-7f13b39c7000 ---p 00008000 08:02 1580235                    /usr/lib/jvm/java-8-openjdk-amd64/jre/lib/amd64/libzip.so
7f13b39c7000-7f13b39c8000 r--p 00007000 08:02 1580235                    /usr/lib/jvm/java-8-openjdk-amd64/jre/lib/amd64/libzip.so
7f13b39c8000-7f13b39c9000 rw-p 00008000 08:02 1580235                    /usr/lib/jvm/java-8-openjdk-amd64/jre/lib/amd64/libzip.so
7f13b39c9000-7f13b39d4000 r-xp 00000000 08:02 1185104                    /lib/x86_64-linux-gnu/libnss_files-2.23.so
7f13b39d4000-7f13b3bd3000 ---p 0000b000 08:02 1185104                    /lib/x86_64-linux-gnu/libnss_files-2.23.so
7f13b3bd3000-7f13b3bd4000 r--p 0000a000 08:02 1185104                    /lib/x86_64-linux-gnu/libnss_files-2.23.so
7f13b3bd4000-7f13b3bd5000 rw-p 0000b000 08:02 1185104                    /lib/x86_64-linux-gnu/libnss_files-2.23.so
7f13b3bd5000-7f13b3bdb000 rw-p 00000000 00:00 0 
7f13b3bdb000-7f13b3be6000 r-xp 00000000 08:02 1184919                    /lib/x86_64-linux-gnu/libnss_nis-2.23.so
7f13b3be6000-7f13b3de5000 ---p 0000b000 08:02 1184919                    /lib/x86_64-linux-gnu/libnss_nis-2.23.so
7f13b3de5000-7f13b3de6000 r--p 0000a000 08:02 1184919                    /lib/x86_64-linux-gnu/libnss_nis-2.23.so
7f13b3de6000-7f13b3de7000 rw-p 0000b000 08:02 1184919                    /lib/x86_64-linux-gnu/libnss_nis-2.23.so
7f13b3de7000-7f13b3dfd000 r-xp 00000000 08:02 1185099                    /lib/x86_64-linux-gnu/libnsl-2.23.so
7f13b3dfd000-7f13b3ffc000 ---p 00016000 08:02 1185099                    /lib/x86_64-linux-gnu/libnsl-2.23.so
7f13b3ffc000-7f13b3ffd000 r--p 00015000 08:02 1185099                    /lib/x86_64-linux-gnu/libnsl-2.23.so
7f13b3ffd000-7f13b3ffe000 rw-p 00016000 08:02 1185099                    /lib/x86_64-linux-gnu/libnsl-2.23.so
7f13b3ffe000-7f13b4000000 rw-p 00000000 00:00 0 
7f13b4000000-7f13b431a000 rw-p 00000000 00:00 0 
7f13b431a000-7f13b8000000 ---p 00000000 00:00 0 
7f13b8000000-7f13b8002000 r--s 00003000 00:2b 4984320                    /home/amp/workspace/remolino/remolino-commons/lib/jcl.jar
7f13b8002000-7f13b8004000 r--s 00008000 08:02 1580270                    /usr/lib/jvm/java-8-openjdk-amd64/jre/lib/ext/sunec.jar
7f13b8004000-7f13b80e8000 rw-p 00000000 00:00 0 
7f13b80e8000-7f13b80f0000 r-xp 00000000 08:02 1185106                    /lib/x86_64-linux-gnu/libnss_compat-2.23.so
7f13b80f0000-7f13b82ef000 ---p 00008000 08:02 1185106                    /lib/x86_64-linux-gnu/libnss_compat-2.23.so
7f13b82ef000-7f13b82f0000 r--p 00007000 08:02 1185106                    /lib/x86_64-linux-gnu/libnss_compat-2.23.so
7f13b82f0000-7f13b82f1000 rw-p 00008000 08:02 1185106                    /lib/x86_64-linux-gnu/libnss_compat-2.23.so
7f13b82f1000-7f13b831e000 r-xp 00000000 08:02 1580260                    /usr/lib/jvm/java-8-openjdk-amd64/jre/lib/amd64/libjava.so
7f13b831e000-7f13b851d000 ---p 0002d000 08:02 1580260                    /usr/lib/jvm/java-8-openjdk-amd64/jre/lib/amd64/libjava.so
7f13b851d000-7f13b851e000 r--p 0002c000 08:02 1580260                    /usr/lib/jvm/java-8-openjdk-amd64/jre/lib/amd64/libjava.so
7f13b851e000-7f13b8520000 rw-p 0002d000 08:02 1580260                    /usr/lib/jvm/java-8-openjdk-amd64/jre/lib/amd64/libjava.so
7f13b8520000-7f13b852f000 r-xp 00000000 08:02 1580220                    /usr/lib/jvm/java-8-openjdk-amd64/jre/lib/amd64/libverify.so
7f13b852f000-7f13b872e000 ---p 0000f000 08:02 1580220                    /usr/lib/jvm/java-8-openjdk-amd64/jre/lib/amd64/libverify.so
7f13b872e000-7f13b8730000 r--p 0000e000 08:02 1580220                    /usr/lib/jvm/java-8-openjdk-amd64/jre/lib/amd64/libverify.so
7f13b8730000-7f13b8731000 rw-p 00010000 08:02 1580220                    /usr/lib/jvm/java-8-openjdk-amd64/jre/lib/amd64/libverify.so
7f13b8731000-7f13b8738000 r-xp 00000000 08:02 1185107                    /lib/x86_64-linux-gnu/librt-2.23.so
7f13b8738000-7f13b8937000 ---p 00007000 08:02 1185107                    /lib/x86_64-linux-gnu/librt-2.23.so
7f13b8937000-7f13b8938000 r--p 00006000 08:02 1185107                    /lib/x86_64-linux-gnu/librt-2.23.so
7f13b8938000-7f13b8939000 rw-p 00007000 08:02 1185107                    /lib/x86_64-linux-gnu/librt-2.23.so
7f13b8939000-7f13b894f000 r-xp 00000000 08:02 1184835                    /lib/x86_64-linux-gnu/libgcc_s.so.1
7f13b894f000-7f13b8b4e000 ---p 00016000 08:02 1184835                    /lib/x86_64-linux-gnu/libgcc_s.so.1
7f13b8b4e000-7f13b8b4f000 rw-p 00015000 08:02 1184835                    /lib/x86_64-linux-gnu/libgcc_s.so.1
7f13b8b4f000-7f13b8c57000 r-xp 00000000 08:02 1185098                    /lib/x86_64-linux-gnu/libm-2.23.so
7f13b8c57000-7f13b8e56000 ---p 00108000 08:02 1185098                    /lib/x86_64-linux-gnu/libm-2.23.so
7f13b8e56000-7f13b8e57000 r--p 00107000 08:02 1185098                    /lib/x86_64-linux-gnu/libm-2.23.so
7f13b8e57000-7f13b8e58000 rw-p 00108000 08:02 1185098                    /lib/x86_64-linux-gnu/libm-2.23.so
7f13b8e58000-7f13b8fca000 r-xp 00000000 08:02 1584096                    /usr/lib/x86_64-linux-gnu/libstdc++.so.6.0.21
7f13b8fca000-7f13b91ca000 ---p 00172000 08:02 1584096                    /usr/lib/x86_64-linux-gnu/libstdc++.so.6.0.21
7f13b91ca000-7f13b91d4000 r--p 00172000 08:02 1584096                    /usr/lib/x86_64-linux-gnu/libstdc++.so.6.0.21
7f13b91d4000-7f13b91d6000 rw-p 0017c000 08:02 1584096                    /usr/lib/x86_64-linux-gnu/libstdc++.so.6.0.21
7f13b91d6000-7f13b91da000 rw-p 00000000 00:00 0 
7f13b91da000-7f13b9e2a000 r-xp 00000000 08:02 1580255                    /usr/lib/jvm/java-8-openjdk-amd64/jre/lib/amd64/server/libjvm.so
7f13b9e2a000-7f13ba029000 ---p 00c50000 08:02 1580255                    /usr/lib/jvm/java-8-openjdk-amd64/jre/lib/amd64/server/libjvm.so
7f13ba029000-7f13ba0bc000 r--p 00c4f000 08:02 1580255                    /usr/lib/jvm/java-8-openjdk-amd64/jre/lib/amd64/server/libjvm.so
7f13ba0bc000-7f13ba0e5000 rw-p 00ce2000 08:02 1580255                    /usr/lib/jvm/java-8-openjdk-amd64/jre/lib/amd64/server/libjvm.so
7f13ba0e5000-7f13ba115000 rw-p 00000000 00:00 0 
7f13ba115000-7f13ba12d000 r-xp 00000000 08:02 1185111                    /lib/x86_64-linux-gnu/libpthread-2.23.so
7f13ba12d000-7f13ba32c000 ---p 00018000 08:02 1185111                    /lib/x86_64-linux-gnu/libpthread-2.23.so
7f13ba32c000-7f13ba32d000 r--p 00017000 08:02 1185111                    /lib/x86_64-linux-gnu/libpthread-2.23.so
7f13ba32d000-7f13ba32e000 rw-p 00018000 08:02 1185111                    /lib/x86_64-linux-gnu/libpthread-2.23.so
7f13ba32e000-7f13ba332000 rw-p 00000000 00:00 0 
7f13ba332000-7f13ba335000 r-xp 00000000 08:02 1184918                    /lib/x86_64-linux-gnu/libdl-2.23.so
7f13ba335000-7f13ba534000 ---p 00003000 08:02 1184918                    /lib/x86_64-linux-gnu/libdl-2.23.so
7f13ba534000-7f13ba535000 r--p 00002000 08:02 1184918                    /lib/x86_64-linux-gnu/libdl-2.23.so
7f13ba535000-7f13ba536000 rw-p 00003000 08:02 1184918                    /lib/x86_64-linux-gnu/libdl-2.23.so
7f13ba536000-7f13ba54f000 r-xp 00000000 08:02 1184988                    /lib/x86_64-linux-gnu/libz.so.1.2.8
7f13ba54f000-7f13ba74e000 ---p 00019000 08:02 1184988                    /lib/x86_64-linux-gnu/libz.so.1.2.8
7f13ba74e000-7f13ba74f000 r--p 00018000 08:02 1184988                    /lib/x86_64-linux-gnu/libz.so.1.2.8
7f13ba74f000-7f13ba750000 rw-p 00019000 08:02 1184988                    /lib/x86_64-linux-gnu/libz.so.1.2.8
7f13ba750000-7f13ba90f000 r-xp 00000000 08:02 1185100                    /lib/x86_64-linux-gnu/libc-2.23.so
7f13ba90f000-7f13bab0f000 ---p 001bf000 08:02 1185100                    /lib/x86_64-linux-gnu/libc-2.23.so
7f13bab0f000-7f13bab13000 r--p 001bf000 08:02 1185100                    /lib/x86_64-linux-gnu/libc-2.23.so
7f13bab13000-7f13bab15000 rw-p 001c3000 08:02 1185100                    /lib/x86_64-linux-gnu/libc-2.23.so
7f13bab15000-7f13bab19000 rw-p 00000000 00:00 0 
7f13bab19000-7f13bab26000 r-xp 00000000 08:02 1580250                    /usr/lib/jvm/java-8-openjdk-amd64/jre/lib/amd64/jli/libjli.so
7f13bab26000-7f13bad26000 ---p 0000d000 08:02 1580250                    /usr/lib/jvm/java-8-openjdk-amd64/jre/lib/amd64/jli/libjli.so
7f13bad26000-7f13bad27000 r--p 0000d000 08:02 1580250                    /usr/lib/jvm/java-8-openjdk-amd64/jre/lib/amd64/jli/libjli.so
7f13bad27000-7f13bad28000 rw-p 0000e000 08:02 1580250                    /usr/lib/jvm/java-8-openjdk-amd64/jre/lib/amd64/jli/libjli.so
7f13bad28000-7f13bad4e000 r-xp 00000000 08:02 1185101                    /lib/x86_64-linux-gnu/ld-2.23.so
7f13bad4f000-7f13bad50000 r--s 0000a000 08:02 1580279                    /usr/lib/jvm/java-8-openjdk-amd64/jre/lib/ext/jaccess.jar
7f13bad50000-7f13bad52000 r--s 00001000 08:02 1580272                    /usr/lib/jvm/java-8-openjdk-amd64/jre/lib/ext/dnsns.jar
7f13bad52000-7f13bad57000 r--s 0003b000 08:02 1580278                    /usr/lib/jvm/java-8-openjdk-amd64/jre/lib/ext/sunjce_provider.jar
7f13bad57000-7f13bad61000 r--s 00116000 08:02 1580277                    /usr/lib/jvm/java-8-openjdk-amd64/jre/lib/ext/localedata.jar
7f13bad61000-7f13bae1f000 rw-p 00000000 00:00 0 
7f13bae1f000-7f13bae22000 ---p 00000000 00:00 0 
7f13bae22000-7f13baf25000 rw-p 00000000 00:00 0 
7f13baf25000-7f13baf40000 r--s 00394000 08:02 1580274                    /usr/lib/jvm/java-8-openjdk-amd64/jre/lib/ext/cldrdata.jar
7f13baf40000-7f13baf41000 r--s 00010000 08:02 1580275                    /usr/lib/jvm/java-8-openjdk-amd64/jre/lib/ext/zipfs.jar
7f13baf41000-7f13baf49000 rw-s 00000000 08:02 2113822                    /tmp/hsperfdata_amp/1994
7f13baf49000-7f13baf4a000 rw-p 00000000 00:00 0 
7f13baf4a000-7f13baf4b000 ---p 00000000 00:00 0 
7f13baf4b000-7f13baf4d000 rw-p 00000000 00:00 0 
7f13baf4d000-7f13baf4e000 r--p 00025000 08:02 1185101                    /lib/x86_64-linux-gnu/ld-2.23.so
7f13baf4e000-7f13baf4f000 rw-p 00026000 08:02 1185101                    /lib/x86_64-linux-gnu/ld-2.23.so
7f13baf4f000-7f13baf50000 rw-p 00000000 00:00 0 
7ffc6dc08000-7ffc6dc29000 rw-p 00000000 00:00 0                          [stack]
7ffc6dcba000-7ffc6dcbc000 r--p 00000000 00:00 0                          [vvar]
7ffc6dcbc000-7ffc6dcbe000 r-xp 00000000 00:00 0                          [vdso]
ffffffffff600000-ffffffffff601000 r-xp 00000000 00:00 0                  [vsyscall]

VM Arguments:
jvm_args: -Dfile.encoding=UTF-8 
java_command: com.atomicDisorder.remolino.Remolino
java_class_path (initial): /home/amp/workspace/remolino/remolino/target/classes:/home/amp/workspace/remolino/remolino-console/target/classes:/home/amp/workspace/remolino/remolino-console/target/test-classes:/home/amp/.m2/repository/junit/junit/3.8.1/junit-3.8.1.jar:/home/amp/.m2/repository/log4j/log4j/1.2.17/log4j-1.2.17.jar:/home/amp/.m2/repository/log4j/apache-log4j-extras/1.2.17/apache-log4j-extras-1.2.17.jar:/home/amp/workspace/remolino/remolino-commons/target/classes:/home/amp/workspace/remolino/remolino-commons/target/test-classes:/home/amp/workspace/remolino/remolino-commons/lib/jcl.jar:/home/amp/.m2/repository/javax/xml/bind/jaxb-api/2.1/jaxb-api-2.1.jar:/home/amp/.m2/repository/javax/xml/stream/stax-api/1.0-2/stax-api-1.0-2.jar:/home/amp/.m2/repository/javax/activation/activation/1.1/activation-1.1.jar:/home/amp/workspace/remolino/remolino-stringHub/target/classes:/home/amp/workspace/remolino/remolino-stringHub/target/test-classes:/home/amp/workspace/remolino/remolino-telnetConnector/target/classes:/home/amp/workspace/remolino/remolino-telnetConnector/target/test-classes:/home/amp/.m2/repository/commons-io/commons-io/1.3.2/commons-io-1.3.2.jar:/home/amp/.m2/repository/commons-net/commons-net/3.3/commons-net-3.3.jar:/home/amp/workspace/remolino/remolino-sdtdBasics/target/classes:/home/amp/workspace/remolino/remolino-sdtdBasics/target/test-classes:/home/amp/workspace/remolino/remolino-objectHub/target/classes:/home/amp/workspace/remolino/remolino-objectHub/target/test-classes:/home/amp/workspace/remolino/remolino-shellCommands/target/test-classes:/home/amp/workspace/remolino/remolino-shellCommands/target/classes
Launcher Type: SUN_STANDARD

Environment Variables:
PATH=/home/amp/bin:/home/amp/.local/bin:/usr/local/sbin:/usr/local/bin:/usr/sbin:/usr/bin:/sbin:/bin:/usr/games:/usr/local/games
USERNAME=amp
SHELL=/bin/bash
DISPLAY=:0.0

Signal Handlers:
SIGSEGV: [libjvm.so+0xa66fd0], sa_mask[0]=11111111011111111101111111111110, sa_flags=SA_RESTART|SA_SIGINFO
SIGBUS: [libjvm.so+0xa66fd0], sa_mask[0]=11111111011111111101111111111110, sa_flags=SA_RESTART|SA_SIGINFO
SIGFPE: [libjvm.so+0x8b0180], sa_mask[0]=11111111011111111101111111111110, sa_flags=SA_RESTART|SA_SIGINFO
SIGPIPE: [libjvm.so+0x8b0180], sa_mask[0]=11111111011111111101111111111110, sa_flags=SA_RESTART|SA_SIGINFO
SIGXFSZ: [libjvm.so+0x8b0180], sa_mask[0]=11111111011111111101111111111110, sa_flags=SA_RESTART|SA_SIGINFO
SIGILL: [libjvm.so+0x8b0180], sa_mask[0]=11111111011111111101111111111110, sa_flags=SA_RESTART|SA_SIGINFO
SIGUSR1: SIG_DFL, sa_mask[0]=00000000000000000000000000000000, sa_flags=none
SIGUSR2: [libjvm.so+0x8b0030], sa_mask[0]=00100000000000000000000000000000, sa_flags=SA_RESTART|SA_SIGINFO
SIGHUP: [libjvm.so+0x8b0500], sa_mask[0]=11111111011111111101111111111110, sa_flags=SA_RESTART|SA_SIGINFO
SIGINT: [libjvm.so+0x8b0500], sa_mask[0]=11111111011111111101111111111110, sa_flags=SA_RESTART|SA_SIGINFO
SIGTERM: [libjvm.so+0x8b0500], sa_mask[0]=11111111011111111101111111111110, sa_flags=SA_RESTART|SA_SIGINFO
SIGQUIT: [libjvm.so+0x8b0500], sa_mask[0]=11111111011111111101111111111110, sa_flags=SA_RESTART|SA_SIGINFO


---------------  S Y S T E M  ---------------

OS:DISTRIB_ID=LinuxMint
DISTRIB_RELEASE=18.1
DISTRIB_CODENAME=serena
DISTRIB_DESCRIPTION="Linux Mint 18.1 Serena"

uname:Linux 4.4.0-72-generic #93-Ubuntu SMP Fri Mar 31 14:07:41 UTC 2017 x86_64
libc:glibc 2.23 NPTL 2.23 
rlimit: STACK 8192k, CORE 0k, NPROC 47829, NOFILE 65536, AS infinity
load average:2,72 2,44 2,34

/proc/meminfo:
MemTotal:       12286548 kB
MemFree:          137096 kB
MemAvailable:      72720 kB
Buffers:            2756 kB
Cached:           875608 kB
SwapCached:            0 kB
Active:         10713148 kB
Inactive:         831328 kB
Active(anon):   10700668 kB
Inactive(anon):   821316 kB
Active(file):      12480 kB
Inactive(file):    10012 kB
Unevictable:         440 kB
Mlocked:             440 kB
SwapTotal:             0 kB
SwapFree:              0 kB
Dirty:               948 kB
Writeback:             0 kB
AnonPages:      10667908 kB
Mapped:           825652 kB
Shmem:            854660 kB
Slab:             247808 kB
SReclaimable:     151040 kB
SUnreclaim:        96768 kB
KernelStack:       25696 kB
PageTables:       117248 kB
NFS_Unstable:          0 kB
Bounce:                0 kB
WritebackTmp:          0 kB
CommitLimit:     6143272 kB
Committed_AS:   24514252 kB
VmallocTotal:   34359738367 kB
VmallocUsed:           0 kB
VmallocChunk:          0 kB
HardwareCorrupted:     0 kB
AnonHugePages:   3440640 kB
CmaTotal:              0 kB
CmaFree:               0 kB
HugePages_Total:       0
HugePages_Free:        0
HugePages_Rsvd:        0
HugePages_Surp:        0
Hugepagesize:       2048 kB
DirectMap4k:     1515136 kB
DirectMap2M:    11051008 kB


CPU:total 8 (4 cores per cpu, 2 threads per core) family 6 model 42 stepping 7, cmov, cx8, fxsr, mmx, sse, sse2, sse3, ssse3, sse4.1, sse4.2, popcnt, avx, aes, clmul, ht, tsc, tscinvbit

/proc/cpuinfo:
processor	: 0
vendor_id	: GenuineIntel
cpu family	: 6
model		: 42
model name	: Intel(R) Core(TM) i7-2600K CPU @ 3.40GHz
stepping	: 7
microcode	: 0x25
cpu MHz		: 2299.914
cache size	: 8192 KB
physical id	: 0
siblings	: 8
core id		: 0
cpu cores	: 4
apicid		: 0
initial apicid	: 0
fpu		: yes
fpu_exception	: yes
cpuid level	: 13
wp		: yes
flags		: fpu vme de pse tsc msr pae mce cx8 apic sep mtrr pge mca cmov pat pse36 clflush dts acpi mmx fxsr sse sse2 ss ht tm pbe syscall nx rdtscp lm constant_tsc arch_perfmon pebs bts rep_good nopl xtopology nonstop_tsc aperfmperf eagerfpu pni pclmulqdq dtes64 monitor ds_cpl vmx est tm2 ssse3 cx16 xtpr pdcm pcid sse4_1 sse4_2 popcnt tsc_deadline_timer aes xsave avx lahf_lm epb tpr_shadow vnmi flexpriority ept vpid xsaveopt dtherm ida arat pln pts
bugs		:
bogomips	: 6784.40
clflush size	: 64
cache_alignment	: 64
address sizes	: 36 bits physical, 48 bits virtual
power management:

processor	: 1
vendor_id	: GenuineIntel
cpu family	: 6
model		: 42
model name	: Intel(R) Core(TM) i7-2600K CPU @ 3.40GHz
stepping	: 7
microcode	: 0x25
cpu MHz		: 2299.914
cache size	: 8192 KB
physical id	: 0
siblings	: 8
core id		: 1
cpu cores	: 4
apicid		: 2
initial apicid	: 2
fpu		: yes
fpu_exception	: yes
cpuid level	: 13
wp		: yes
flags		: fpu vme de pse tsc msr pae mce cx8 apic sep mtrr pge mca cmov pat pse36 clflush dts acpi mmx fxsr sse sse2 ss ht tm pbe syscall nx rdtscp lm constant_tsc arch_perfmon pebs bts rep_good nopl xtopology nonstop_tsc aperfmperf eagerfpu pni pclmulqdq dtes64 monitor ds_cpl vmx est tm2 ssse3 cx16 xtpr pdcm pcid sse4_1 sse4_2 popcnt tsc_deadline_timer aes xsave avx lahf_lm epb tpr_shadow vnmi flexpriority ept vpid xsaveopt dtherm ida arat pln pts
bugs		:
bogomips	: 6784.40
clflush size	: 64
cache_alignment	: 64
address sizes	: 36 bits physical, 48 bits virtual
power management:

processor	: 2
vendor_id	: GenuineIntel
cpu family	: 6
model		: 42
model name	: Intel(R) Core(TM) i7-2600K CPU @ 3.40GHz
stepping	: 7
microcode	: 0x25
cpu MHz		: 2299.914
cache size	: 8192 KB
physical id	: 0
siblings	: 8
core id		: 2
cpu cores	: 4
apicid		: 4
initial apicid	: 4
fpu		: yes
fpu_exception	: yes
cpuid level	: 13
wp		: yes
flags		: fpu vme de pse tsc msr pae mce cx8 apic sep mtrr pge mca cmov pat pse36 clflush dts acpi mmx fxsr sse sse2 ss ht tm pbe syscall nx rdtscp lm constant_tsc arch_perfmon pebs bts rep_good nopl xtopology nonstop_tsc aperfmperf eagerfpu pni pclmulqdq dtes64 monitor ds_cpl vmx est tm2 ssse3 cx16 xtpr pdcm pcid sse4_1 sse4_2 popcnt tsc_deadline_timer aes xsave avx lahf_lm epb tpr_shadow vnmi flexpriority ept vpid xsaveopt dtherm ida arat pln pts
bugs		:
bogomips	: 6784.40
clflush size	: 64
cache_alignment	: 64
address sizes	: 36 bits physical, 48 bits virtual
power management:

processor	: 3
vendor_id	: GenuineIntel
cpu family	: 6
model		: 42
model name	: Intel(R) Core(TM) i7-2600K CPU @ 3.40GHz
stepping	: 7
microcode	: 0x25
cpu MHz		: 2299.914
cache size	: 8192 KB
physical id	: 0
siblings	: 8
core id		: 3
cpu cores	: 4
apicid		: 6
initial apicid	: 6
fpu		: yes
fpu_exception	: yes
cpuid level	: 13
wp		: yes
flags		: fpu vme de pse tsc msr pae mce cx8 apic sep mtrr pge mca cmov pat pse36 clflush dts acpi mmx fxsr sse sse2 ss ht tm pbe syscall nx rdtscp lm constant_tsc arch_perfmon pebs bts rep_good nopl xtopology nonstop_tsc aperfmperf eagerfpu pni pclmulqdq dtes64 monitor ds_cpl vmx est tm2 ssse3 cx16 xtpr pdcm pcid sse4_1 sse4_2 popcnt tsc_deadline_timer aes xsave avx lahf_lm epb tpr_shadow vnmi flexpriority ept vpid xsaveopt dtherm ida arat pln pts
bugs		:
bogomips	: 6784.40
clflush size	: 64
cache_alignment	: 64
address sizes	: 36 bits physical, 48 bits virtual
power management:

processor	: 4
vendor_id	: GenuineIntel
cpu family	: 6
model		: 42
model name	: Intel(R) Core(TM) i7-2600K CPU @ 3.40GHz
stepping	: 7
microcode	: 0x25
cpu MHz		: 2299.914
cache size	: 8192 KB
physical id	: 0
siblings	: 8
core id		: 0
cpu cores	: 4
apicid		: 1
initial apicid	: 1
fpu		: yes
fpu_exception	: yes
cpuid level	: 13
wp		: yes
flags		: fpu vme de pse tsc msr pae mce cx8 apic sep mtrr pge mca cmov pat pse36 clflush dts acpi mmx fxsr sse sse2 ss ht tm pbe syscall nx rdtscp lm constant_tsc arch_perfmon pebs bts rep_good nopl xtopology nonstop_tsc aperfmperf eagerfpu pni pclmulqdq dtes64 monitor ds_cpl vmx est tm2 ssse3 cx16 xtpr pdcm pcid sse4_1 sse4_2 popcnt tsc_deadline_timer aes xsave avx lahf_lm epb tpr_shadow vnmi flexpriority ept vpid xsaveopt dtherm ida arat pln pts
bugs		:
bogomips	: 6784.40
clflush size	: 64
cache_alignment	: 64
address sizes	: 36 bits physical, 48 bits virtual
power management:

processor	: 5
vendor_id	: GenuineIntel
cpu family	: 6
model		: 42
model name	: Intel(R) Core(TM) i7-2600K CPU @ 3.40GHz
stepping	: 7
microcode	: 0x25
cpu MHz		: 2299.914
cache size	: 8192 KB
physical id	: 0
siblings	: 8
core id		: 1
cpu cores	: 4
apicid		: 3
initial apicid	: 3
fpu		: yes
fpu_exception	: yes
cpuid level	: 13
wp		: yes
flags		: fpu vme de pse tsc msr pae mce cx8 apic sep mtrr pge mca cmov pat pse36 clflush dts acpi mmx fxsr sse sse2 ss ht tm pbe syscall nx rdtscp lm constant_tsc arch_perfmon pebs bts rep_good nopl xtopology nonstop_tsc aperfmperf eagerfpu pni pclmulqdq dtes64 monitor ds_cpl vmx est tm2 ssse3 cx16 xtpr pdcm pcid sse4_1 sse4_2 popcnt tsc_deadline_timer aes xsave avx lahf_lm epb tpr_shadow vnmi flexpriority ept vpid xsaveopt dtherm ida arat pln pts
bugs		:
bogomips	: 6784.40
clflush size	: 64
cache_alignment	: 64
address sizes	: 36 bits physical, 48 bits virtual
power management:

processor	: 6
vendor_id	: GenuineIntel
cpu family	: 6
model		: 42
model name	: Intel(R) Core(TM) i7-2600K CPU @ 3.40GHz
stepping	: 7
microcode	: 0x25
cpu MHz		: 2299.914
cache size	: 8192 KB
physical id	: 0
siblings	: 8
core id		: 2
cpu cores	: 4
apicid		: 5
initial apicid	: 5
fpu		: yes
fpu_exception	: yes
cpuid level	: 13
wp		: yes
flags		: fpu vme de pse tsc msr pae mce cx8 apic sep mtrr pge mca cmov pat pse36 clflush dts acpi mmx fxsr sse sse2 ss ht tm pbe syscall nx rdtscp lm constant_tsc arch_perfmon pebs bts rep_good nopl xtopology nonstop_tsc aperfmperf eagerfpu pni pclmulqdq dtes64 monitor ds_cpl vmx est tm2 ssse3 cx16 xtpr pdcm pcid sse4_1 sse4_2 popcnt tsc_deadline_timer aes xsave avx lahf_lm epb tpr_shadow vnmi flexpriority ept vpid xsaveopt dtherm ida arat pln pts
bugs		:
bogomips	: 6784.40
clflush size	: 64
cache_alignment	: 64
address sizes	: 36 bits physical, 48 bits virtual
power management:

processor	: 7
vendor_id	: GenuineIntel
cpu family	: 6
model		: 42
model name	: Intel(R) Core(TM) i7-2600K CPU @ 3.40GHz
stepping	: 7
microcode	: 0x25
cpu MHz		: 2299.781
cache size	: 8192 KB
physical id	: 0
siblings	: 8
core id		: 3
cpu cores	: 4
apicid		: 7
initial apicid	: 7
fpu		: yes
fpu_exception	: yes
cpuid level	: 13
wp		: yes
flags		: fpu vme de pse tsc msr pae mce cx8 apic sep mtrr pge mca cmov pat pse36 clflush dts acpi mmx fxsr sse sse2 ss ht tm pbe syscall nx rdtscp lm constant_tsc arch_perfmon pebs bts rep_good nopl xtopology nonstop_tsc aperfmperf eagerfpu pni pclmulqdq dtes64 monitor ds_cpl vmx est tm2 ssse3 cx16 xtpr pdcm pcid sse4_1 sse4_2 popcnt tsc_deadline_timer aes xsave avx lahf_lm epb tpr_shadow vnmi flexpriority ept vpid xsaveopt dtherm ida arat pln pts
bugs		:
bogomips	: 6784.40
clflush size	: 64
cache_alignment	: 64
address sizes	: 36 bits physical, 48 bits virtual
power management:



Memory: 4k page, physical 12286548k(138120k free), swap 0k(0k free)

vm_info: OpenJDK 64-Bit Server VM (25.121-b13) for linux-amd64 JRE (1.8.0_121-8u121-b13-0ubuntu1.16.04.2-b13), built on Jan 23 2017 15:51:29 by "buildd" with gcc 5.4.0 20160609

time: Mon Apr 24 23:02:13 2017
elapsed time: 7 seconds (0d 0h 0m 7s)

