[INFO] Scanning for projects...
[INFO]                                                                         
[INFO] ------------------------------------------------------------------------
[INFO] Building Maven Stub Project (No POM) 1
[INFO] ------------------------------------------------------------------------
[INFO] 
[INFO] >>> maven-archetype-plugin:2.4:generate (default-cli) > generate-sources @ standalone-pom >>>
[INFO] 
[INFO] <<< maven-archetype-plugin:2.4:generate (default-cli) < generate-sources @ standalone-pom <<<
[INFO] 
[INFO] --- maven-archetype-plugin:2.4:generate (default-cli) @ standalone-pom ---
[INFO] Generating project in Batch mode
[INFO] ----------------------------------------------------------------------------
[INFO] Using following parameters for creating project from Old (1.x) Archetype: maven-archetype-quickstart:1.0
[INFO] ----------------------------------------------------------------------------
[INFO] Parameter: basedir, Value: H:\0_Backups\GoogleDrive\0_AtomicDisorder\0_Remolino
[INFO] Parameter: package, Value: com.atomicDisorder.remolino.messages.objectHub
[INFO] Parameter: groupId, Value: com.atomicDisorder.remolino.messages.objectHub
[INFO] Parameter: artifactId, Value: remolino-objectHub
[INFO] Parameter: packageName, Value: com.atomicDisorder.remolino.messages.objectHub
[INFO] Parameter: version, Value: 1.0-SNAPSHOT
[INFO] project created from Old (1.x) Archetype in dir: H:\0_Backups\GoogleDrive\0_AtomicDisorder\0_Remolino\remolino-objectHub
[INFO] ------------------------------------------------------------------------
[INFO] BUILD SUCCESS
[INFO] ------------------------------------------------------------------------
[INFO] Total time: 13.745 s
[INFO] Finished at: 2016-01-24T14:22:42-03:00
[INFO] Final Memory: 12M/136M
[INFO] ------------------------------------------------------------------------
